<?xml version="1.0" encoding="UTF-8"?>
<!-- Generated by org.testng.reporters.JUnitReportReporter -->
<testsuite hostname="DESKTOP-DELL" failures="0" tests="1" name="TestCases.verifyLogin_PageFactory" time="10.205" errors="0" timestamp="2020-07-01T16:30:23 IST" skipped="0">
  <testcase classname="TestCases.verifyLogin_PageFactory" name="testLogin" time="10.205"/>
  <system-out/>
</testsuite> <!-- TestCases.verifyLogin_PageFactory -->
