<?xml version="1.0" encoding="UTF-8"?>
<!-- Generated by org.testng.reporters.JUnitReportReporter -->
<testsuite hostname="DESKTOP-DELL" failures="0" tests="1" name="TestCases.verifyLogin_PageFactory" time="18.332" errors="0" timestamp="2020-07-01T17:08:05 IST" skipped="0">
  <testcase classname="TestCases.verifyLogin_PageFactory" name="testLogin" time="18.332"/>
  <system-out/>
</testsuite> <!-- TestCases.verifyLogin_PageFactory -->
